#
# There is insufficient memory for the Java Runtime Environment to continue.
# Native memory allocation (mmap) failed to map 65536 bytes for Failed to commit metaspace.
# Possible reasons:
#   The system is out of physical RAM or swap space
#   The process is running with CompressedOops enabled, and the Java Heap may be blocking the growth of the native heap
# Possible solutions:
#   Reduce memory load on the system
#   Increase physical memory or swap space
#   Check if swap backing store is full
#   Decrease Java heap size (-Xmx/-Xms)
#   Decrease number of Java threads
#   Decrease Java thread stack sizes (-Xss)
#   Set larger code cache with -XX:ReservedCodeCacheSize=
#   JVM is running with Unscaled Compressed Oops mode in which the Java heap is
#     placed in the first 4GB address space. The Java Heap base address is the
#     maximum limit for the native heap growth. Please use -XX:HeapBaseMinAddress
#     to set the Java Heap base and to place the Java Heap above 4GB virtual address.
# This output file may be truncated or incomplete.
#
#  Out of Memory Error (virtualSpaceNode.cpp:110), pid=14112, tid=1620
#
# JRE version: OpenJDK Runtime Environment (17.0.6) (build 17.0.6+0-b2043.56-10027231)
# Java VM: OpenJDK 64-Bit Server VM (17.0.6+0-b2043.56-10027231, mixed mode, tiered, compressed oops, compressed class ptrs, g1 gc, windows-amd64)
# No core dump will be written. Minidumps are not enabled by default on client versions of Windows
#

---------------  S U M M A R Y ------------

Command Line: --add-opens=java.base/java.util=ALL-UNNAMED --add-opens=java.base/java.lang=ALL-UNNAMED --add-opens=java.base/java.lang.invoke=ALL-UNNAMED --add-opens=java.prefs/java.util.prefs=ALL-UNNAMED --add-opens=java.base/java.nio.charset=ALL-UNNAMED --add-opens=java.base/java.net=ALL-UNNAMED --add-opens=java.base/java.util.concurrent.atomic=ALL-UNNAMED -Xmx2048m -Dfile.encoding=UTF-8 -Duser.country=US -Duser.language=en -Duser.variant org.gradle.launcher.daemon.bootstrap.GradleDaemon 8.0

Host: Intel(R) Core(TM) i5-7300U CPU @ 2.60GHz, 4 cores, 7G,  Windows 10 , 64 bit Build 19041 (10.0.19041.3636)
Time: Thu Jul 11 11:41:38 2024 Pakistan Standard Time elapsed time: 14.151730 seconds (0d 0h 0m 14s)

---------------  T H R E A D  ---------------

Current thread (0x000001da6b81da90):  JavaThread "C1 CompilerThread0" daemon [_thread_in_vm, id=1620, stack(0x0000005fad400000,0x0000005fad500000)]


Current CompileTask:
C1:  14151 4592       3       org.gradle.internal.component.model.AttributeConfigurationSelector::containsImplicitCapability (116 bytes)

Stack: [0x0000005fad400000,0x0000005fad500000]
Native frames: (J=compiled Java code, j=interpreted, Vv=VM code, C=native code)
V  [jvm.dll+0x683c9a]
V  [jvm.dll+0x8427a4]
V  [jvm.dll+0x843f9e]
V  [jvm.dll+0x844603]
V  [jvm.dll+0x249b75]
V  [jvm.dll+0x83e7fb]
V  [jvm.dll+0x628006]
V  [jvm.dll+0x1c194e]
V  [jvm.dll+0x62a941]
V  [jvm.dll+0x6289a6]
V  [jvm.dll+0x639bfa]
V  [jvm.dll+0x632a0a]
V  [jvm.dll+0x1cdb00]
V  [jvm.dll+0x1cdcf0]
V  [jvm.dll+0x147f01]
V  [jvm.dll+0x147d45]
V  [jvm.dll+0x13f58e]
V  [jvm.dll+0x141b45]
V  [jvm.dll+0x13fe24]
V  [jvm.dll+0x14881d]
V  [jvm.dll+0x147d45]
V  [jvm.dll+0x13f58e]
V  [jvm.dll+0x141b45]
V  [jvm.dll+0x13fe24]
V  [jvm.dll+0x139d9f]
V  [jvm.dll+0x1499a6]
V  [jvm.dll+0x135490]
V  [jvm.dll+0x1357f0]
V  [jvm.dll+0x135ab6]
V  [jvm.dll+0x134f4a]
V  [jvm.dll+0x136c11]
V  [jvm.dll+0x22b098]
V  [jvm.dll+0x229159]
V  [jvm.dll+0x7f81ec]
V  [jvm.dll+0x7f274a]
V  [jvm.dll+0x682ad5]
C  [ucrtbase.dll+0x21bb2]
C  [KERNEL32.DLL+0x17344]
C  [ntdll.dll+0x4cc91]


---------------  P R O C E S S  ---------------

Threads class SMR info:
_java_thread_list=0x000001da6f5e4900, length=40, elements={
0x000001da51622200, 0x000001da6ac02620, 0x000001da6ac03dc0, 0x000001da6abef320,
0x000001da6ac10fb0, 0x000001da6b81c010, 0x000001da6b81c8d0, 0x000001da6b81d190,
0x000001da6b81da90, 0x000001da6b872280, 0x000001da6b9af030, 0x000001da6b9b3920,
0x000001da6e4823a0, 0x000001da6ce27130, 0x000001da6e8dcc90, 0x000001da6c713d90,
0x000001da6d07fea0, 0x000001da6e0e15d0, 0x000001da6d251260, 0x000001da6d290a50,
0x000001da6d28d090, 0x000001da6d28fbe0, 0x000001da6d28e8a0, 0x000001da6d28f710,
0x000001da6d290580, 0x000001da6d28ed70, 0x000001da6d28da30, 0x000001da6d28df00,
0x000001da6d2900b0, 0x000001da6d28d560, 0x000001da6d28e3d0, 0x000001da6d28f240,
0x000001da6e6e62b0, 0x000001da6e6e4100, 0x000001da6e6e75f0, 0x000001da6e6e4aa0,
0x000001da6e6e2dc0, 0x000001da6e6e45d0, 0x000001da6e6e15b0, 0x000001da6e6e1f50
}

Java Threads: ( => current thread )
  0x000001da51622200 JavaThread "main" [_thread_blocked, id=15196, stack(0x0000005fac600000,0x0000005fac700000)]
  0x000001da6ac02620 JavaThread "Reference Handler" daemon [_thread_blocked, id=17980, stack(0x0000005facd00000,0x0000005face00000)]
  0x000001da6ac03dc0 JavaThread "Finalizer" daemon [_thread_blocked, id=16656, stack(0x0000005face00000,0x0000005facf00000)]
  0x000001da6abef320 JavaThread "Signal Dispatcher" daemon [_thread_blocked, id=15052, stack(0x0000005facf00000,0x0000005fad000000)]
  0x000001da6ac10fb0 JavaThread "Attach Listener" daemon [_thread_blocked, id=18844, stack(0x0000005fad000000,0x0000005fad100000)]
  0x000001da6b81c010 JavaThread "Service Thread" daemon [_thread_blocked, id=13196, stack(0x0000005fad100000,0x0000005fad200000)]
  0x000001da6b81c8d0 JavaThread "Monitor Deflation Thread" daemon [_thread_blocked, id=19340, stack(0x0000005fad200000,0x0000005fad300000)]
  0x000001da6b81d190 JavaThread "C2 CompilerThread0" daemon [_thread_blocked, id=18252, stack(0x0000005fad300000,0x0000005fad400000)]
=>0x000001da6b81da90 JavaThread "C1 CompilerThread0" daemon [_thread_in_vm, id=1620, stack(0x0000005fad400000,0x0000005fad500000)]
  0x000001da6b872280 JavaThread "Sweeper thread" daemon [_thread_blocked, id=16080, stack(0x0000005fad500000,0x0000005fad600000)]
  0x000001da6b9af030 JavaThread "Common-Cleaner" daemon [_thread_blocked, id=13868, stack(0x0000005fad600000,0x0000005fad700000)]
  0x000001da6b9b3920 JavaThread "Notification Thread" daemon [_thread_blocked, id=16716, stack(0x0000005fad700000,0x0000005fad800000)]
  0x000001da6e4823a0 JavaThread "Daemon health stats" [_thread_blocked, id=8112, stack(0x0000005fadd00000,0x0000005fade00000)]
  0x000001da6ce27130 JavaThread "Incoming local TCP Connector on port 63397" [_thread_in_native, id=16648, stack(0x0000005fade00000,0x0000005fadf00000)]
  0x000001da6e8dcc90 JavaThread "Daemon periodic checks" [_thread_blocked, id=11104, stack(0x0000005fadf00000,0x0000005fae000000)]
  0x000001da6c713d90 JavaThread "Daemon" [_thread_blocked, id=1292, stack(0x0000005fad900000,0x0000005fada00000)]
  0x000001da6d07fea0 JavaThread "Handler for socket connection from /127.0.0.1:63397 to /127.0.0.1:63400" [_thread_in_native, id=9328, stack(0x0000005fae000000,0x0000005fae100000)]
  0x000001da6e0e15d0 JavaThread "Cancel handler" [_thread_blocked, id=11236, stack(0x0000005fae100000,0x0000005fae200000)]
  0x000001da6d251260 JavaThread "Daemon worker" [_thread_in_vm, id=8580, stack(0x0000005fae200000,0x0000005fae300000)]
  0x000001da6d290a50 JavaThread "Asynchronous log dispatcher for DefaultDaemonConnection: socket connection from /127.0.0.1:63397 to /127.0.0.1:63400" [_thread_blocked, id=6900, stack(0x0000005fae300000,0x0000005fae400000)]
  0x000001da6d28d090 JavaThread "Stdin handler" [_thread_blocked, id=17652, stack(0x0000005fae400000,0x0000005fae500000)]
  0x000001da6d28fbe0 JavaThread "Daemon client event forwarder" [_thread_blocked, id=19068, stack(0x0000005fae500000,0x0000005fae600000)]
  0x000001da6d28e8a0 JavaThread "Cache worker for journal cache (C:\Users\Ifham.Khan\.gradle\caches\journal-1)" [_thread_blocked, id=8220, stack(0x0000005fae600000,0x0000005fae700000)]
  0x000001da6d28f710 JavaThread "File lock request listener" [_thread_in_native, id=2292, stack(0x0000005fae700000,0x0000005fae800000)]
  0x000001da6d290580 JavaThread "Cache worker for file hash cache (C:\Users\Ifham.Khan\.gradle\caches\8.0\fileHashes)" [_thread_blocked, id=13224, stack(0x0000005fae800000,0x0000005fae900000)]
  0x000001da6d28ed70 JavaThread "File watcher server" daemon [_thread_in_native, id=3732, stack(0x0000005fae900000,0x0000005faea00000)]
  0x000001da6d28da30 JavaThread "File watcher consumer" daemon [_thread_blocked, id=5056, stack(0x0000005faea00000,0x0000005faeb00000)]
  0x000001da6d28df00 JavaThread "Cache worker for checksums cache (C:\Users\Ifham.Khan\Documents\GitHub\Android_Projects\IfteriousStore\.gradle\8.0\checksums)" [_thread_blocked, id=17564, stack(0x0000005faeb00000,0x0000005faec00000)]
  0x000001da6d2900b0 JavaThread "Cache worker for cache directory md-rule (C:\Users\Ifham.Khan\.gradle\caches\8.0\md-rule)" [_thread_blocked, id=7932, stack(0x0000005faec00000,0x0000005faed00000)]
  0x000001da6d28d560 JavaThread "Cache worker for file content cache (C:\Users\Ifham.Khan\.gradle\caches\8.0\fileContent)" [_thread_blocked, id=8000, stack(0x0000005faed00000,0x0000005faee00000)]
  0x000001da6d28e3d0 JavaThread "Cache worker for file hash cache (C:\Users\Ifham.Khan\Documents\GitHub\Android_Projects\IfteriousStore\.gradle\8.0\fileHashes)" [_thread_blocked, id=9616, stack(0x0000005faee00000,0x0000005faef00000)]
  0x000001da6d28f240 JavaThread "Cache worker for cache directory md-supplier (C:\Users\Ifham.Khan\.gradle\caches\8.0\md-supplier)" [_thread_blocked, id=16204, stack(0x0000005faef00000,0x0000005faf000000)]
  0x000001da6e6e62b0 JavaThread "Cache worker for execution history cache (C:\Users\Ifham.Khan\.gradle\caches\8.0\executionHistory)" [_thread_blocked, id=632, stack(0x0000005faf000000,0x0000005faf100000)]
  0x000001da6e6e4100 JavaThread "jar transforms" [_thread_blocked, id=4652, stack(0x0000005faf100000,0x0000005faf200000)]
  0x000001da6e6e75f0 JavaThread "jar transforms Thread 2" [_thread_blocked, id=7756, stack(0x0000005faf200000,0x0000005faf300000)]
  0x000001da6e6e4aa0 JavaThread "Cache worker for kotlin-dsl (C:\Users\Ifham.Khan\.gradle\caches\8.0\kotlin-dsl)" [_thread_blocked, id=17324, stack(0x0000005faf400000,0x0000005faf500000)]
  0x000001da6e6e2dc0 JavaThread "jar transforms Thread 3" [_thread_blocked, id=308, stack(0x0000005faf500000,0x0000005faf600000)]
  0x000001da6e6e45d0 JavaThread "jar transforms Thread 4" [_thread_blocked, id=19388, stack(0x0000005faf600000,0x0000005faf700000)]
  0x000001da6e6e15b0 JavaThread "Cache worker for dependencies-accessors (C:\Users\Ifham.Khan\Documents\GitHub\Android_Projects\IfteriousStore\.gradle\8.0\dependencies-accessors)" [_thread_blocked, id=14428, stack(0x0000005faf700000,0x0000005faf800000)]
  0x000001da6e6e1f50 JavaThread "Cache worker for Build Output Cleanup Cache (C:\Users\Ifham.Khan\Documents\GitHub\Android_Projects\IfteriousStore\.gradle\buildOutputCleanup)" [_thread_blocked, id=12240, stack(0x0000005faf800000,0x0000005faf900000)]

Other Threads:
  0x000001da6abdcca0 VMThread "VM Thread" [stack: 0x0000005facc00000,0x0000005facd00000] [id=9916]
  0x000001da6b9b5e00 WatcherThread [stack: 0x0000005fad800000,0x0000005fad900000] [id=5540]
  0x000001da5167c1d0 GCTaskThread "GC Thread#0" [stack: 0x0000005fac700000,0x0000005fac800000] [id=7964]
  0x000001da6c1bb280 GCTaskThread "GC Thread#1" [stack: 0x0000005fada00000,0x0000005fadb00000] [id=13704]
  0x000001da6bbc5820 GCTaskThread "GC Thread#2" [stack: 0x0000005fadb00000,0x0000005fadc00000] [id=9188]
  0x000001da6c7a8400 GCTaskThread "GC Thread#3" [stack: 0x0000005fadc00000,0x0000005fadd00000] [id=12312]
  0x000001da5168d020 ConcurrentGCThread "G1 Main Marker" [stack: 0x0000005fac800000,0x0000005fac900000] [id=15644]
  0x000001da5168d940 ConcurrentGCThread "G1 Conc#0" [stack: 0x0000005fac900000,0x0000005faca00000] [id=8700]
  0x000001da516ee120 ConcurrentGCThread "G1 Refine#0" [stack: 0x0000005faca00000,0x0000005facb00000] [id=10864]
  0x000001da6e795a60 ConcurrentGCThread "G1 Refine#1" [stack: 0x0000005faf300000,0x0000005faf400000] [id=2580]
  0x000001da516eea50 ConcurrentGCThread "G1 Service" [stack: 0x0000005facb00000,0x0000005facc00000] [id=1644]

Threads with active compile tasks:
C1 CompilerThread0    14207 4592       3       org.gradle.internal.component.model.AttributeConfigurationSelector::containsImplicitCapability (116 bytes)

VM state: not at safepoint (normal execution)

VM Mutex/Monitor currently owned by a thread:  ([mutex/lock_event])
[0x000001da5161ba60] Metaspace_lock - owner thread: 0x000001da6b81da90
[0x000001da5161d3a0] MethodData_lock - owner thread: 0x000001da6b81da90

Heap address: 0x0000000080000000, size: 2048 MB, Compressed Oops mode: 32-bit

CDS archive(s) not mapped
Compressed class space mapped at: 0x0000000100000000-0x0000000140000000, reserved size: 1073741824
Narrow klass base: 0x0000000000000000, Narrow klass shift: 3, Narrow klass range: 0x140000000

GC Precious Log:
 CPUs: 4 total, 4 available
 Memory: 8050M
 Large Page Support: Disabled
 NUMA Support: Disabled
 Compressed Oops: Enabled (32-bit)
 Heap Region Size: 1M
 Heap Min Capacity: 8M
 Heap Initial Capacity: 126M
 Heap Max Capacity: 2G
 Pre-touch: Disabled
 Parallel Workers: 4
 Concurrent Workers: 1
 Concurrent Refinement Workers: 4
 Periodic GC: Disabled

Heap:
 garbage-first heap   total 82944K, used 39152K [0x0000000080000000, 0x0000000100000000)
  region size 1024K, 9 young (9216K), 3 survivors (3072K)
 Metaspace       used 52317K, committed 52736K, reserved 1097728K
  class space    used 7021K, committed 7232K, reserved 1048576K

Heap Regions: E=young(eden), S=young(survivor), O=old, HS=humongous(starts), HC=humongous(continues), CS=collection set, F=free, OA=open archive, CA=closed archive, TAMS=top-at-mark-start (previous, next)
|   0|0x0000000080000000, 0x0000000080100000, 0x0000000080100000|100%| O|  |TAMS 0x0000000080100000, 0x0000000080000000| Untracked 
|   1|0x0000000080100000, 0x0000000080200000, 0x0000000080200000|100%| O|  |TAMS 0x0000000080200000, 0x0000000080100000| Untracked 
|   2|0x0000000080200000, 0x0000000080300000, 0x0000000080300000|100%|HS|  |TAMS 0x0000000080300000, 0x0000000080200000| Complete 
|   3|0x0000000080300000, 0x0000000080400000, 0x0000000080400000|100%|HC|  |TAMS 0x0000000080400000, 0x0000000080300000| Complete 
|   4|0x0000000080400000, 0x0000000080500000, 0x0000000080500000|100%|HC|  |TAMS 0x0000000080500000, 0x0000000080400000| Complete 
|   5|0x0000000080500000, 0x0000000080600000, 0x0000000080600000|100%|HC|  |TAMS 0x0000000080600000, 0x0000000080500000| Complete 
|   6|0x0000000080600000, 0x0000000080700000, 0x0000000080700000|100%| O|  |TAMS 0x0000000080700000, 0x0000000080600000| Untracked 
|   7|0x0000000080700000, 0x0000000080800000, 0x0000000080800000|100%| O|  |TAMS 0x0000000080800000, 0x0000000080700000| Untracked 
|   8|0x0000000080800000, 0x0000000080900000, 0x0000000080900000|100%| O|  |TAMS 0x0000000080900000, 0x0000000080800000| Untracked 
|   9|0x0000000080900000, 0x0000000080a00000, 0x0000000080a00000|100%| O|  |TAMS 0x0000000080a00000, 0x0000000080900000| Untracked 
|  10|0x0000000080a00000, 0x0000000080b00000, 0x0000000080b00000|100%| O|  |TAMS 0x0000000080b00000, 0x0000000080a00000| Untracked 
|  11|0x0000000080b00000, 0x0000000080b54400, 0x0000000080c00000| 32%| O|  |TAMS 0x0000000080b54400, 0x0000000080b00000| Untracked 
|  12|0x0000000080c00000, 0x0000000080d00000, 0x0000000080d00000|100%| O|  |TAMS 0x0000000080d00000, 0x0000000080c00000| Untracked 
|  13|0x0000000080d00000, 0x0000000080e00000, 0x0000000080e00000|100%| O|  |TAMS 0x0000000080e00000, 0x0000000080d00000| Untracked 
|  14|0x0000000080e00000, 0x0000000080f00000, 0x0000000080f00000|100%| O|  |TAMS 0x0000000080f00000, 0x0000000080e00000| Untracked 
|  15|0x0000000080f00000, 0x0000000081000000, 0x0000000081000000|100%| O|  |TAMS 0x0000000081000000, 0x0000000080f00000| Untracked 
|  16|0x0000000081000000, 0x0000000081100000, 0x0000000081100000|100%| O|  |TAMS 0x0000000081100000, 0x0000000081000000| Untracked 
|  17|0x0000000081100000, 0x0000000081200000, 0x0000000081200000|100%| O|  |TAMS 0x0000000081200000, 0x0000000081100000| Untracked 
|  18|0x0000000081200000, 0x0000000081300000, 0x0000000081300000|100%| O|  |TAMS 0x0000000081300000, 0x0000000081200000| Untracked 
|  19|0x0000000081300000, 0x0000000081400000, 0x0000000081400000|100%| O|  |TAMS 0x0000000081400000, 0x0000000081300000| Untracked 
|  20|0x0000000081400000, 0x0000000081500000, 0x0000000081500000|100%| O|  |TAMS 0x0000000081500000, 0x0000000081400000| Untracked 
|  21|0x0000000081500000, 0x0000000081600000, 0x0000000081600000|100%| O|  |TAMS 0x0000000081600000, 0x0000000081500000| Untracked 
|  22|0x0000000081600000, 0x0000000081700000, 0x0000000081700000|100%| O|  |TAMS 0x0000000081626c00, 0x0000000081600000| Untracked 
|  23|0x0000000081700000, 0x0000000081800000, 0x0000000081800000|100%| O|  |TAMS 0x0000000081700000, 0x0000000081700000| Untracked 
|  24|0x0000000081800000, 0x0000000081900000, 0x0000000081900000|100%| O|  |TAMS 0x0000000081800000, 0x0000000081800000| Untracked 
|  25|0x0000000081900000, 0x00000000819f8a00, 0x0000000081a00000| 97%| O|  |TAMS 0x0000000081900000, 0x0000000081900000| Untracked 
|  26|0x0000000081a00000, 0x0000000081b00000, 0x0000000081b00000|100%| O|  |TAMS 0x0000000081a00000, 0x0000000081a00000| Untracked 
|  27|0x0000000081b00000, 0x0000000081c00000, 0x0000000081c00000|100%| O|  |TAMS 0x0000000081b00000, 0x0000000081b00000| Untracked 
|  28|0x0000000081c00000, 0x0000000081d00000, 0x0000000081d00000|100%| O|  |TAMS 0x0000000081c00000, 0x0000000081c00000| Untracked 
|  29|0x0000000081d00000, 0x0000000081e00000, 0x0000000081e00000|100%| O|  |TAMS 0x0000000081d00000, 0x0000000081d00000| Untracked 
|  30|0x0000000081e00000, 0x0000000081f00000, 0x0000000081f00000|100%| O|  |TAMS 0x0000000081e00000, 0x0000000081e00000| Untracked 
|  31|0x0000000081f00000, 0x0000000081f00000, 0x0000000082000000|  0%| F|  |TAMS 0x0000000081f00000, 0x0000000081f00000| Untracked 
|  32|0x0000000082000000, 0x0000000082000000, 0x0000000082100000|  0%| F|  |TAMS 0x0000000082000000, 0x0000000082000000| Untracked 
|  33|0x0000000082100000, 0x0000000082100000, 0x0000000082200000|  0%| F|  |TAMS 0x0000000082100000, 0x0000000082100000| Untracked 
|  34|0x0000000082200000, 0x0000000082200000, 0x0000000082300000|  0%| F|  |TAMS 0x0000000082200000, 0x0000000082200000| Untracked 
|  35|0x0000000082300000, 0x0000000082300000, 0x0000000082400000|  0%| F|  |TAMS 0x0000000082300000, 0x0000000082300000| Untracked 
|  36|0x0000000082400000, 0x0000000082400000, 0x0000000082500000|  0%| F|  |TAMS 0x0000000082400000, 0x0000000082400000| Untracked 
|  37|0x0000000082500000, 0x0000000082500000, 0x0000000082600000|  0%| F|  |TAMS 0x0000000082500000, 0x0000000082500000| Untracked 
|  38|0x0000000082600000, 0x0000000082600000, 0x0000000082700000|  0%| F|  |TAMS 0x0000000082600000, 0x0000000082600000| Untracked 
|  39|0x0000000082700000, 0x0000000082700000, 0x0000000082800000|  0%| F|  |TAMS 0x0000000082700000, 0x0000000082700000| Untracked 
|  40|0x0000000082800000, 0x0000000082800000, 0x0000000082900000|  0%| F|  |TAMS 0x0000000082800000, 0x0000000082800000| Untracked 
|  41|0x0000000082900000, 0x0000000082900000, 0x0000000082a00000|  0%| F|  |TAMS 0x0000000082900000, 0x0000000082900000| Untracked 
|  42|0x0000000082a00000, 0x0000000082a00000, 0x0000000082b00000|  0%| F|  |TAMS 0x0000000082a00000, 0x0000000082a00000| Untracked 
|  43|0x0000000082b00000, 0x0000000082b00000, 0x0000000082c00000|  0%| F|  |TAMS 0x0000000082b00000, 0x0000000082b00000| Untracked 
|  44|0x0000000082c00000, 0x0000000082c00000, 0x0000000082d00000|  0%| F|  |TAMS 0x0000000082c00000, 0x0000000082c00000| Untracked 
|  45|0x0000000082d00000, 0x0000000082d00000, 0x0000000082e00000|  0%| F|  |TAMS 0x0000000082d00000, 0x0000000082d00000| Untracked 
|  46|0x0000000082e00000, 0x0000000082e00000, 0x0000000082f00000|  0%| F|  |TAMS 0x0000000082e00000, 0x0000000082e00000| Untracked 
|  47|0x0000000082f00000, 0x0000000082f00000, 0x0000000083000000|  0%| F|  |TAMS 0x0000000082f00000, 0x0000000082f00000| Untracked 
|  48|0x0000000083000000, 0x00000000830ef4d0, 0x0000000083100000| 93%| S|CS|TAMS 0x0000000083000000, 0x0000000083000000| Complete 
|  49|0x0000000083100000, 0x0000000083200000, 0x0000000083200000|100%| S|CS|TAMS 0x0000000083100000, 0x0000000083100000| Complete 
|  50|0x0000000083200000, 0x0000000083300000, 0x0000000083300000|100%| S|CS|TAMS 0x0000000083200000, 0x0000000083200000| Complete 
|  51|0x0000000083300000, 0x0000000083300000, 0x0000000083400000|  0%| F|  |TAMS 0x0000000083300000, 0x0000000083300000| Untracked 
|  52|0x0000000083400000, 0x0000000083400000, 0x0000000083500000|  0%| F|  |TAMS 0x0000000083400000, 0x0000000083400000| Untracked 
|  53|0x0000000083500000, 0x0000000083500000, 0x0000000083600000|  0%| F|  |TAMS 0x0000000083500000, 0x0000000083500000| Untracked 
|  54|0x0000000083600000, 0x0000000083600000, 0x0000000083700000|  0%| F|  |TAMS 0x0000000083600000, 0x0000000083600000| Untracked 
|  55|0x0000000083700000, 0x0000000083700000, 0x0000000083800000|  0%| F|  |TAMS 0x0000000083700000, 0x0000000083700000| Untracked 
|  56|0x0000000083800000, 0x0000000083800000, 0x0000000083900000|  0%| F|  |TAMS 0x0000000083800000, 0x0000000083800000| Untracked 
|  57|0x0000000083900000, 0x0000000083900000, 0x0000000083a00000|  0%| F|  |TAMS 0x0000000083900000, 0x0000000083900000| Untracked 
|  58|0x0000000083a00000, 0x0000000083a00000, 0x0000000083b00000|  0%| F|  |TAMS 0x0000000083a00000, 0x0000000083a00000| Untracked 
|  59|0x0000000083b00000, 0x0000000083b00000, 0x0000000083c00000|  0%| F|  |TAMS 0x0000000083b00000, 0x0000000083b00000| Untracked 
|  60|0x0000000083c00000, 0x0000000083c00000, 0x0000000083d00000|  0%| F|  |TAMS 0x0000000083c00000, 0x0000000083c00000| Untracked 
|  61|0x0000000083d00000, 0x0000000083d00000, 0x0000000083e00000|  0%| F|  |TAMS 0x0000000083d00000, 0x0000000083d00000| Untracked 
|  62|0x0000000083e00000, 0x0000000083e00000, 0x0000000083f00000|  0%| F|  |TAMS 0x0000000083e00000, 0x0000000083e00000| Untracked 
|  63|0x0000000083f00000, 0x0000000083f00000, 0x0000000084000000|  0%| F|  |TAMS 0x0000000083f00000, 0x0000000083f00000| Untracked 
|  64|0x0000000084000000, 0x0000000084000000, 0x0000000084100000|  0%| F|  |TAMS 0x0000000084000000, 0x0000000084000000| Untracked 
|  65|0x0000000084100000, 0x0000000084100000, 0x0000000084200000|  0%| F|  |TAMS 0x0000000084100000, 0x0000000084100000| Untracked 
|  66|0x0000000084200000, 0x0000000084200000, 0x0000000084300000|  0%| F|  |TAMS 0x0000000084200000, 0x0000000084200000| Untracked 
|  67|0x0000000084300000, 0x0000000084300000, 0x0000000084400000|  0%| F|  |TAMS 0x0000000084300000, 0x0000000084300000| Untracked 
|  68|0x0000000084400000, 0x0000000084400000, 0x0000000084500000|  0%| F|  |TAMS 0x0000000084400000, 0x0000000084400000| Untracked 
|  69|0x0000000084500000, 0x0000000084500000, 0x0000000084600000|  0%| F|  |TAMS 0x0000000084500000, 0x0000000084500000| Untracked 
|  70|0x0000000084600000, 0x0000000084600000, 0x0000000084700000|  0%| F|  |TAMS 0x0000000084600000, 0x0000000084600000| Untracked 
|  71|0x0000000084700000, 0x0000000084700000, 0x0000000084800000|  0%| F|  |TAMS 0x0000000084700000, 0x0000000084700000| Untracked 
|  77|0x0000000084d00000, 0x0000000084d00000, 0x0000000084e00000|  0%| F|  |TAMS 0x0000000084d00000, 0x0000000084d00000| Untracked 
|  78|0x0000000084e00000, 0x0000000084e00000, 0x0000000084f00000|  0%| F|  |TAMS 0x0000000084e00000, 0x0000000084e00000| Untracked 
|  79|0x0000000084f00000, 0x0000000084f00000, 0x0000000085000000|  0%| F|  |TAMS 0x0000000084f00000, 0x0000000084f00000| Untracked 
|  80|0x0000000085000000, 0x00000000850829f8, 0x0000000085100000| 51%| E|  |TAMS 0x0000000085000000, 0x0000000085000000| Complete 
|  81|0x0000000085100000, 0x0000000085200000, 0x0000000085200000|100%| E|CS|TAMS 0x0000000085100000, 0x0000000085100000| Complete 
|  82|0x0000000085200000, 0x0000000085300000, 0x0000000085300000|100%| E|CS|TAMS 0x0000000085200000, 0x0000000085200000| Complete 
|  83|0x0000000085300000, 0x0000000085400000, 0x0000000085400000|100%| E|CS|TAMS 0x0000000085300000, 0x0000000085300000| Complete 
|  84|0x0000000085400000, 0x0000000085500000, 0x0000000085500000|100%| E|CS|TAMS 0x0000000085400000, 0x0000000085400000| Complete 
| 125|0x0000000087d00000, 0x0000000087e00000, 0x0000000087e00000|100%| E|CS|TAMS 0x0000000087d00000, 0x0000000087d00000| Complete 

Card table byte_map: [0x000001da63ef0000,0x000001da642f0000] _byte_map_base: 0x000001da63af0000

Marking Bits (Prev, Next): (CMBitMap*) 0x000001da5167c730, (CMBitMap*) 0x000001da5167c6f0
 Prev Bits: [0x000001da666f0000, 0x000001da686f0000)
 Next Bits: [0x000001da646f0000, 0x000001da666f0000)

Polling page: 0x000001da4f5f0000

Metaspace:

Usage:
  Non-class:     44.23 MB used.
      Class:      6.86 MB used.
       Both:     51.09 MB used.

Virtual space:
  Non-class space:       48.00 MB reserved,      44.44 MB ( 93%) committed,  6 nodes.
      Class space:        1.00 GB reserved,       7.06 MB ( <1%) committed,  1 nodes.
             Both:        1.05 GB reserved,      51.50 MB (  5%) committed. 

Chunk freelists:
   Non-Class:  3.30 MB
       Class:  912.00 KB
        Both:  4.19 MB

MaxMetaspaceSize: unlimited
CompressedClassSpaceSize: 1.00 GB
Initial GC threshold: 21.00 MB
Current GC threshold: 66.25 MB
CDS: off
MetaspaceReclaimPolicy: balanced
 - commit_granule_bytes: 65536.
 - commit_granule_words: 8192.
 - virtual_space_node_default_size: 1048576.
 - enlarge_chunks_in_place: 1.
 - new_chunks_are_fully_committed: 0.
 - uncommit_free_chunks: 1.
 - use_allocation_guard: 0.
 - handle_deallocations: 1.


Internal statistics:

num_allocs_failed_limit: 9.
num_arena_births: 556.
num_arena_deaths: 0.
num_vsnodes_births: 7.
num_vsnodes_deaths: 0.
num_space_committed: 824.
num_space_uncommitted: 0.
num_chunks_returned_to_freelist: 9.
num_chunks_taken_from_freelist: 2205.
num_chunk_merges: 6.
num_chunk_splits: 1475.
num_chunks_enlarged: 1025.
num_purges: 0.
num_inconsistent_stats: 0.

CodeHeap 'non-profiled nmethods': size=120000Kb used=2564Kb max_used=2564Kb free=117435Kb
 bounds [0x000001da5c5c0000, 0x000001da5c850000, 0x000001da63af0000]
CodeHeap 'profiled nmethods': size=120000Kb used=9082Kb max_used=9082Kb free=110917Kb
 bounds [0x000001da54af0000, 0x000001da553d0000, 0x000001da5c020000]
CodeHeap 'non-nmethods': size=5760Kb used=2313Kb max_used=2366Kb free=3446Kb
 bounds [0x000001da5c020000, 0x000001da5c290000, 0x000001da5c5c0000]
 total_blobs=5399 nmethods=4567 adapters=744
 compilation: enabled
              stopped_count=0, restarted_count=0
 full_count=0

Compilation events (20 events):
Event: 14.143 Thread 0x000001da6b81da90 nmethod 4583 0x000001da553cb890 code [0x000001da553cbac0, 0x000001da553cc1e8]
Event: 14.143 Thread 0x000001da6b81da90 4584       3       org.gradle.api.internal.attributes.AbstractAttributeContainer::isEmpty (10 bytes)
Event: 14.143 Thread 0x000001da6b81da90 nmethod 4584 0x000001da553cc410 code [0x000001da553cc5c0, 0x000001da553cc838]
Event: 14.143 Thread 0x000001da6b81da90 4586       3       jdk.internal.misc.Unsafe::weakCompareAndSetLong (11 bytes)
Event: 14.144 Thread 0x000001da6b81da90 nmethod 4586 0x000001da553cc910 code [0x000001da553ccaa0, 0x000001da553ccbd8]
Event: 14.144 Thread 0x000001da6b81da90 4587       1       org.gradle.internal.component.model.DefaultIvyArtifactName::hashCode (5 bytes)
Event: 14.144 Thread 0x000001da6b81da90 nmethod 4587 0x000001da5c840510 code [0x000001da5c8406a0, 0x000001da5c840778]
Event: 14.144 Thread 0x000001da6b81da90 4588       1       org.gradle.internal.component.external.model.AbstractModuleComponentResolveMetadata::getAttributes (5 bytes)
Event: 14.144 Thread 0x000001da6b81da90 nmethod 4588 0x000001da5c840810 code [0x000001da5c8409a0, 0x000001da5c840a78]
Event: 14.144 Thread 0x000001da6b81da90 4589       3       org.gradle.api.internal.attributes.DefaultImmutableAttributesFactory::join (11 bytes)
Event: 14.144 Thread 0x000001da6b81da90 nmethod 4589 0x000001da553ccc90 code [0x000001da553cce40, 0x000001da553cd1d8]
Event: 14.144 Thread 0x000001da6b81da90 4590       3       org.gradle.api.internal.attributes.HierarchicalAttributeContainer::<init> (20 bytes)
Event: 14.144 Thread 0x000001da6b81da90 nmethod 4590 0x000001da553cd310 code [0x000001da553cd4c0, 0x000001da553cd798]
Event: 14.144 Thread 0x000001da6b81da90 4591       3       org.gradle.internal.component.external.model.VariantMetadataRules::applyCapabilitiesRules (90 bytes)
Event: 14.145 Thread 0x000001da6b81da90 nmethod 4591 0x000001da553cd890 code [0x000001da553cdb00, 0x000001da553ce628]
Event: 14.145 Thread 0x000001da6b81da90 4592       3       org.gradle.internal.component.model.AttributeConfigurationSelector::containsImplicitCapability (116 bytes)
Event: 14.147 Thread 0x000001da6b81d190 4601       4       org.gradle.api.internal.attributes.DefaultImmutableAttributes::asImmutable (2 bytes)
Event: 14.147 Thread 0x000001da6b81d190 nmethod 4601 0x000001da5c840b10 code [0x000001da5c840c80, 0x000001da5c840cf8]
Event: 14.147 Thread 0x000001da6b81d190 4602       4       com.google.common.collect.Hashing::smear (19 bytes)
Event: 14.147 Thread 0x000001da6b81d190 nmethod 4602 0x000001da5c840e10 code [0x000001da5c840f80, 0x000001da5c840ff8]

GC Heap History (20 events):
Event: 3.425 GC heap before
{Heap before GC invocations=3 (full 0):
 garbage-first heap   total 129024K, used 51034K [0x0000000080000000, 0x0000000100000000)
  region size 1024K, 41 young (41984K), 3 survivors (3072K)
 Metaspace       used 21177K, committed 21504K, reserved 1073152K
  class space    used 2567K, committed 2752K, reserved 1048576K
}
Event: 3.433 GC heap after
{Heap after GC invocations=4 (full 0):
 garbage-first heap   total 129024K, used 18649K [0x0000000080000000, 0x0000000100000000)
  region size 1024K, 8 young (8192K), 8 survivors (8192K)
 Metaspace       used 21177K, committed 21504K, reserved 1073152K
  class space    used 2567K, committed 2752K, reserved 1048576K
}
Event: 4.593 GC heap before
{Heap before GC invocations=5 (full 0):
 garbage-first heap   total 68608K, used 50393K [0x0000000080000000, 0x0000000100000000)
  region size 1024K, 40 young (40960K), 8 survivors (8192K)
 Metaspace       used 26200K, committed 26496K, reserved 1073152K
  class space    used 3441K, committed 3584K, reserved 1048576K
}
Event: 4.602 GC heap after
{Heap after GC invocations=6 (full 0):
 garbage-first heap   total 68608K, used 20886K [0x0000000080000000, 0x0000000100000000)
  region size 1024K, 3 young (3072K), 3 survivors (3072K)
 Metaspace       used 26200K, committed 26496K, reserved 1073152K
  class space    used 3441K, committed 3584K, reserved 1048576K
}
Event: 5.315 GC heap before
{Heap before GC invocations=6 (full 0):
 garbage-first heap   total 68608K, used 46486K [0x0000000080000000, 0x0000000100000000)
  region size 1024K, 28 young (28672K), 3 survivors (3072K)
 Metaspace       used 30209K, committed 30528K, reserved 1081344K
  class space    used 4094K, committed 4224K, reserved 1048576K
}
Event: 5.320 GC heap after
{Heap after GC invocations=7 (full 0):
 garbage-first heap   total 68608K, used 22140K [0x0000000080000000, 0x0000000100000000)
  region size 1024K, 4 young (4096K), 4 survivors (4096K)
 Metaspace       used 30209K, committed 30528K, reserved 1081344K
  class space    used 4094K, committed 4224K, reserved 1048576K
}
Event: 6.275 GC heap before
{Heap before GC invocations=7 (full 0):
 garbage-first heap   total 68608K, used 48764K [0x0000000080000000, 0x0000000100000000)
  region size 1024K, 30 young (30720K), 4 survivors (4096K)
 Metaspace       used 34706K, committed 35072K, reserved 1081344K
  class space    used 4801K, committed 4992K, reserved 1048576K
}
Event: 6.280 GC heap after
{Heap after GC invocations=8 (full 0):
 garbage-first heap   total 68608K, used 23692K [0x0000000080000000, 0x0000000100000000)
  region size 1024K, 4 young (4096K), 4 survivors (4096K)
 Metaspace       used 34706K, committed 35072K, reserved 1081344K
  class space    used 4801K, committed 4992K, reserved 1048576K
}
Event: 6.410 GC heap before
{Heap before GC invocations=8 (full 0):
 garbage-first heap   total 68608K, used 27788K [0x0000000080000000, 0x0000000100000000)
  region size 1024K, 9 young (9216K), 4 survivors (4096K)
 Metaspace       used 35631K, committed 35968K, reserved 1081344K
  class space    used 4870K, committed 5056K, reserved 1048576K
}
Event: 6.415 GC heap after
{Heap after GC invocations=9 (full 0):
 garbage-first heap   total 68608K, used 24488K [0x0000000080000000, 0x0000000100000000)
  region size 1024K, 3 young (3072K), 3 survivors (3072K)
 Metaspace       used 35631K, committed 35968K, reserved 1081344K
  class space    used 4870K, committed 5056K, reserved 1048576K
}
Event: 6.970 GC heap before
{Heap before GC invocations=10 (full 0):
 garbage-first heap   total 68608K, used 48040K [0x0000000080000000, 0x0000000100000000)
  region size 1024K, 27 young (27648K), 3 survivors (3072K)
 Metaspace       used 40379K, committed 40704K, reserved 1089536K
  class space    used 5350K, committed 5504K, reserved 1048576K
}
Event: 6.976 GC heap after
{Heap after GC invocations=11 (full 0):
 garbage-first heap   total 68608K, used 28457K [0x0000000080000000, 0x0000000100000000)
  region size 1024K, 4 young (4096K), 4 survivors (4096K)
 Metaspace       used 40379K, committed 40704K, reserved 1089536K
  class space    used 5350K, committed 5504K, reserved 1048576K
}
Event: 7.481 GC heap before
{Heap before GC invocations=12 (full 0):
 garbage-first heap   total 68608K, used 53033K [0x0000000080000000, 0x0000000100000000)
  region size 1024K, 26 young (26624K), 4 survivors (4096K)
 Metaspace       used 42816K, committed 43200K, reserved 1089536K
  class space    used 5620K, committed 5760K, reserved 1048576K
}
Event: 7.486 GC heap after
{Heap after GC invocations=13 (full 0):
 garbage-first heap   total 68608K, used 29860K [0x0000000080000000, 0x0000000100000000)
  region size 1024K, 3 young (3072K), 3 survivors (3072K)
 Metaspace       used 42816K, committed 43200K, reserved 1089536K
  class space    used 5620K, committed 5760K, reserved 1048576K
}
Event: 8.141 GC heap before
{Heap before GC invocations=13 (full 0):
 garbage-first heap   total 68608K, used 51364K [0x0000000080000000, 0x0000000100000000)
  region size 1024K, 24 young (24576K), 3 survivors (3072K)
 Metaspace       used 44798K, committed 45248K, reserved 1089536K
  class space    used 5821K, committed 6016K, reserved 1048576K
}
Event: 8.147 GC heap after
{Heap after GC invocations=14 (full 0):
 garbage-first heap   total 68608K, used 31174K [0x0000000080000000, 0x0000000100000000)
  region size 1024K, 2 young (2048K), 2 survivors (2048K)
 Metaspace       used 44798K, committed 45248K, reserved 1089536K
  class space    used 5821K, committed 6016K, reserved 1048576K
}
Event: 9.054 GC heap before
{Heap before GC invocations=14 (full 0):
 garbage-first heap   total 68608K, used 52678K [0x0000000080000000, 0x0000000100000000)
  region size 1024K, 23 young (23552K), 2 survivors (2048K)
 Metaspace       used 47487K, committed 47936K, reserved 1097728K
  class space    used 6279K, committed 6528K, reserved 1048576K
}
Event: 9.060 GC heap after
{Heap after GC invocations=15 (full 0):
 garbage-first heap   total 82944K, used 32592K [0x0000000080000000, 0x0000000100000000)
  region size 1024K, 3 young (3072K), 3 survivors (3072K)
 Metaspace       used 47487K, committed 47936K, reserved 1097728K
  class space    used 6279K, committed 6528K, reserved 1048576K
}
Event: 12.339 GC heap before
{Heap before GC invocations=15 (full 0):
 garbage-first heap   total 82944K, used 63312K [0x0000000080000000, 0x0000000100000000)
  region size 1024K, 33 young (33792K), 3 survivors (3072K)
 Metaspace       used 51872K, committed 52352K, reserved 1097728K
  class space    used 6956K, committed 7168K, reserved 1048576K
}
Event: 12.356 GC heap after
{Heap after GC invocations=16 (full 0):
 garbage-first heap   total 82944K, used 34032K [0x0000000080000000, 0x0000000100000000)
  region size 1024K, 3 young (3072K), 3 survivors (3072K)
 Metaspace       used 51872K, committed 52352K, reserved 1097728K
  class space    used 6956K, committed 7168K, reserved 1048576K
}

Dll operation events (2 events):
Event: 0.015 Loaded shared library C:\Program Files\Android\Android Studio\jbr\bin\java.dll
Event: 0.797 Loaded shared library C:\Program Files\Android\Android Studio\jbr\bin\verify.dll

Deoptimization events (20 events):
Event: 10.111 Thread 0x000001da6d251260 DEOPT PACKING pc=0x000001da5c6f8530 sp=0x0000005fae2f95e0
Event: 10.111 Thread 0x000001da6d251260 DEOPT UNPACKING pc=0x000001da5c0769a3 sp=0x0000005fae2f9578 mode 2
Event: 10.165 Thread 0x000001da6d251260 Uncommon trap: trap_request=0xffffff45 fr.pc=0x000001da5c61eb74 relative=0x00000000000001d4
Event: 10.165 Thread 0x000001da6d251260 Uncommon trap: reason=unstable_if action=reinterpret pc=0x000001da5c61eb74 method=java.net.URI$Parser.scan(IILjava/lang/String;)I @ 26 c2
Event: 10.165 Thread 0x000001da6d251260 DEOPT PACKING pc=0x000001da5c61eb74 sp=0x0000005fae2f8150
Event: 10.165 Thread 0x000001da6d251260 DEOPT UNPACKING pc=0x000001da5c0769a3 sp=0x0000005fae2f80e0 mode 2
Event: 10.165 Thread 0x000001da6d251260 Uncommon trap: trap_request=0xffffff45 fr.pc=0x000001da5c61a550 relative=0x0000000000000130
Event: 10.165 Thread 0x000001da6d251260 Uncommon trap: reason=unstable_if action=reinterpret pc=0x000001da5c61a550 method=java.net.URI.match(CJJ)Z @ 45 c2
Event: 10.165 Thread 0x000001da6d251260 DEOPT PACKING pc=0x000001da5c61a550 sp=0x0000005fae2f7ec0
Event: 10.165 Thread 0x000001da6d251260 DEOPT UNPACKING pc=0x000001da5c0769a3 sp=0x0000005fae2f7df8 mode 2
Event: 10.165 Thread 0x000001da6d251260 Uncommon trap: trap_request=0xffffff45 fr.pc=0x000001da5c5e2dcc relative=0x000000000000004c
Event: 10.165 Thread 0x000001da6d251260 Uncommon trap: reason=unstable_if action=reinterpret pc=0x000001da5c5e2dcc method=java.net.URI.match(CJJ)Z @ 19 c2
Event: 10.165 Thread 0x000001da6d251260 DEOPT PACKING pc=0x000001da5c5e2dcc sp=0x0000005fae2f7ed0
Event: 10.165 Thread 0x000001da6d251260 DEOPT UNPACKING pc=0x000001da5c0769a3 sp=0x0000005fae2f7e80 mode 2
Event: 13.053 Thread 0x000001da6d251260 Uncommon trap: trap_request=0xffffffcc fr.pc=0x000001da5c82bee4 relative=0x0000000000000344
Event: 13.053 Thread 0x000001da6d251260 Uncommon trap: reason=intrinsic_or_type_checked_inlining action=make_not_entrant pc=0x000001da5c82bee4 method=java.util.Arrays.copyOf([Ljava/lang/Object;ILjava/lang/Class;)[Ljava/lang/Object; @ 35 c2
Event: 13.053 Thread 0x000001da6d251260 DEOPT PACKING pc=0x000001da5c82bee4 sp=0x0000005fae2f7a70
Event: 13.053 Thread 0x000001da6d251260 DEOPT UNPACKING pc=0x000001da5c0769a3 sp=0x0000005fae2f7a00 mode 2
Event: 13.604 Thread 0x000001da6d251260 DEOPT PACKING pc=0x000001da54e60888 sp=0x0000005fae2f7b30
Event: 13.604 Thread 0x000001da6d251260 DEOPT UNPACKING pc=0x000001da5c077143 sp=0x0000005fae2f7048 mode 0

Classes unloaded (0 events):
No events

Classes redefined (0 events):
No events

Internal exceptions (20 events):
Event: 7.513 Thread 0x000001da6d251260 Exception <a 'java/lang/NoSuchMethodError'{0x0000000087dcf288}: 'java.lang.Object java.lang.invoke.DirectMethodHandle$Holder.invokeStatic(java.lang.Object, java.lang.Object, java.lang.Object, java.lang.Object, java.lang.Object, java.lang.Object, java.lang.Object, java.lang.Object, java.lang.Object, java.lang.Object, java.lang.Object, java.lang.Object, java.lang.Object, java.lang.Object, java.lang.Object, java.lang.Object, java.lang.Object, java.lang.Object, java.lang.Object, java.lang.Object, java.lang.Obj
Event: 7.515 Thread 0x000001da6d251260 Exception <a 'java/lang/NoSuchMethodError'{0x0000000087dfd638}: 'java.lang.Object java.lang.invoke.DirectMethodHandle$Holder.invokeStatic(java.lang.Object, java.lang.Object, java.lang.Object, java.lang.Object, java.lang.Object, java.lang.Object, java.lang.Object, java.lang.Object, java.lang.Object, java.lang.Object, java.lang.Object, java.lang.Object, java.lang.Object, java.lang.Object, java.lang.Object, java.lang.Object, java.lang.Object, java.lang.Object, java.lang.Object, java.lang.Object, java.lang.Obj
Event: 7.818 Thread 0x000001da6d251260 Exception <a 'java/lang/IncompatibleClassChangeError'{0x0000000083569e68}: Found class java.lang.Object, but interface was expected> (0x0000000083569e68) 
thrown [s\src\hotspot\share\interpreter\linkResolver.cpp, line 838]
Event: 8.014 Thread 0x000001da6d251260 Exception <a 'java/lang/IncompatibleClassChangeError'{0x00000000831fc770}: Found class java.lang.Object, but interface was expected> (0x00000000831fc770) 
thrown [s\src\hotspot\share\interpreter\linkResolver.cpp, line 838]
Event: 8.065 Thread 0x000001da6d251260 Exception <a 'java/lang/NoSuchMethodError'{0x0000000082f71600}: 'int java.lang.invoke.DirectMethodHandle$Holder.invokeStaticInit(java.lang.Object, java.lang.Object, java.lang.Object, java.lang.Object, java.lang.Object)'> (0x0000000082f71600) 
thrown [s\src\hotspot\share\interpreter\linkResolver.cpp, line 771]
Event: 8.343 Thread 0x000001da6d251260 Implicit null exception at 0x000001da5c74266c to 0x000001da5c742710
Event: 8.577 Thread 0x000001da6d251260 Exception <a 'java/lang/NoSuchMethodError'{0x00000000839e63d8}: 'void java.lang.invoke.DirectMethodHandle$Holder.invokeInterface(java.lang.Object, java.lang.Object)'> (0x00000000839e63d8) 
thrown [s\src\hotspot\share\interpreter\linkResolver.cpp, line 771]
Event: 8.578 Thread 0x000001da6d251260 Exception <a 'java/lang/IncompatibleClassChangeError'{0x00000000839f1708}: Found class java.lang.Object, but interface was expected> (0x00000000839f1708) 
thrown [s\src\hotspot\share\interpreter\linkResolver.cpp, line 838]
Event: 8.613 Thread 0x000001da6d251260 Exception <a 'java/lang/NoSuchMethodError'{0x0000000083778380}: 'java.lang.Object java.lang.invoke.DirectMethodHandle$Holder.newInvokeSpecial(java.lang.Object, int, java.lang.Object)'> (0x0000000083778380) 
thrown [s\src\hotspot\share\interpreter\linkResolver.cpp, line 771]
Event: 9.114 Thread 0x000001da6d28fbe0 Exception <a 'java/lang/NoSuchMethodError'{0x0000000085490198}: static Lorg/gradle/internal/build/event/types/DefaultOperationStartedProgressEvent;.<clinit>()V> (0x0000000085490198) 
thrown [s\src\hotspot\share\prims\jni.cpp, line 1108]
Event: 9.114 Thread 0x000001da6d28fbe0 Exception <a 'java/lang/NoSuchMethodError'{0x0000000085491cc8}: static Lorg/gradle/internal/build/event/types/AbstractProgressEvent;.<clinit>()V> (0x0000000085491cc8) 
thrown [s\src\hotspot\share\prims\jni.cpp, line 1108]
Event: 9.116 Thread 0x000001da6d28fbe0 Exception <a 'java/lang/NoSuchMethodError'{0x00000000854a3660}: static Lorg/gradle/internal/build/event/types/DefaultProjectConfigurationDescriptor;.<clinit>()V> (0x00000000854a3660) 
thrown [s\src\hotspot\share\prims\jni.cpp, line 1108]
Event: 9.117 Thread 0x000001da6d28fbe0 Exception <a 'java/lang/NoSuchMethodError'{0x00000000854a5e88}: static Lorg/gradle/internal/build/event/types/DefaultOperationDescriptor;.<clinit>()V> (0x00000000854a5e88) 
thrown [s\src\hotspot\share\prims\jni.cpp, line 1108]
Event: 9.119 Thread 0x000001da6d28fbe0 Exception <a 'java/lang/NoSuchMethodError'{0x00000000854bc798}: static Lorg/gradle/internal/operations/OperationIdentifier;.<clinit>()V> (0x00000000854bc798) 
thrown [s\src\hotspot\share\prims\jni.cpp, line 1108]
Event: 9.489 Thread 0x000001da6d251260 Implicit null exception at 0x000001da5c6e04ef to 0x000001da5c6e0714
Event: 12.174 Thread 0x000001da6d251260 Exception <a 'java/lang/NoSuchMethodError'{0x00000000834f5758}: 'int java.lang.invoke.DirectMethodHandle$Holder.invokeStatic(java.lang.Object)'> (0x00000000834f5758) 
thrown [s\src\hotspot\share\interpreter\linkResolver.cpp, line 771]
Event: 12.175 Thread 0x000001da6d251260 Exception <a 'java/lang/NoSuchMethodError'{0x00000000834f9df0}: 'int java.lang.invoke.DirectMethodHandle$Holder.invokeStaticInit(java.lang.Object)'> (0x00000000834f9df0) 
thrown [s\src\hotspot\share\interpreter\linkResolver.cpp, line 771]
Event: 12.274 Thread 0x000001da6d251260 Exception <a 'java/lang/NoSuchMethodError'{0x000000008336e910}: 'java.lang.Object java.lang.invoke.DirectMethodHandle$Holder.newInvokeSpecial(java.lang.Object, java.lang.Object, java.lang.Object, java.lang.Object, java.lang.Object, int)'> (0x000000008336e910) 
thrown [s\src\hotspot\share\interpreter\linkResolver.cpp, line 771]
Event: 12.275 Thread 0x000001da6d251260 Exception <a 'java/lang/NoSuchMethodError'{0x0000000083373f68}: 'java.lang.Object java.lang.invoke.DirectMethodHandle$Holder.invokeSpecial(java.lang.Object, java.lang.Object, java.lang.Object, java.lang.Object, java.lang.Object, java.lang.Object, int)'> (0x0000000083373f68) 
thrown [s\src\hotspot\share\interpreter\linkResolver.cpp, line 771]
Event: 12.420 Thread 0x000001da6d251260 Exception <a 'java/lang/NoSuchMethodError'{0x0000000087d48928}: 'void java.lang.invoke.DirectMethodHandle$Holder.invokeStatic(java.lang.Object, java.lang.Object, java.lang.Object, int, java.lang.Object)'> (0x0000000087d48928) 
thrown [s\src\hotspot\share\interpreter\linkResolver.cpp, line 771]

VM Operations (20 events):
Event: 8.292 Executing VM operation: HandshakeAllThreads
Event: 8.292 Executing VM operation: HandshakeAllThreads done
Event: 8.999 Executing VM operation: HandshakeAllThreads
Event: 8.999 Executing VM operation: HandshakeAllThreads done
Event: 9.053 Executing VM operation: G1CollectForAllocation
Event: 9.061 Executing VM operation: G1CollectForAllocation done
Event: 9.081 Executing VM operation: HandshakeAllThreads
Event: 9.082 Executing VM operation: HandshakeAllThreads done
Event: 10.089 Executing VM operation: Cleanup
Event: 10.089 Executing VM operation: Cleanup done
Event: 11.101 Executing VM operation: Cleanup
Event: 11.101 Executing VM operation: Cleanup done
Event: 12.028 Executing VM operation: HandshakeAllThreads
Event: 12.028 Executing VM operation: HandshakeAllThreads done
Event: 12.339 Executing VM operation: G1CollectForAllocation
Event: 12.356 Executing VM operation: G1CollectForAllocation done
Event: 12.805 Executing VM operation: HandshakeAllThreads
Event: 12.805 Executing VM operation: HandshakeAllThreads done
Event: 13.807 Executing VM operation: Cleanup
Event: 13.807 Executing VM operation: Cleanup done

Events (20 events):
Event: 10.536 loading class javax/net/ssl/TrustManager
Event: 10.541 loading class javax/net/ssl/TrustManager done
Event: 10.541 loading class javax/net/ssl/X509TrustManager
Event: 10.541 loading class javax/net/ssl/X509TrustManager done
Event: 10.544 loading class javax/net/ssl/SSLException
Event: 10.544 loading class javax/net/ssl/SSLException done
Event: 10.544 loading class javax/net/ssl/SSLPeerUnverifiedException
Event: 10.544 loading class javax/net/ssl/SSLPeerUnverifiedException done
Event: 10.544 loading class javax/naming/NamingException
Event: 10.545 loading class javax/naming/NamingException done
Event: 10.545 loading class javax/naming/InvalidNameException
Event: 10.545 loading class javax/naming/InvalidNameException done
Event: 10.545 loading class java/security/cert/CertificateParsingException
Event: 10.549 loading class java/security/cert/CertificateException
Event: 10.550 loading class java/security/cert/CertificateException done
Event: 10.550 loading class java/security/cert/CertificateParsingException done
Event: 12.764 loading class java/util/concurrent/LinkedBlockingDeque$Itr
Event: 12.778 loading class java/util/concurrent/LinkedBlockingDeque$AbstractItr
Event: 12.778 loading class java/util/concurrent/LinkedBlockingDeque$AbstractItr done
Event: 12.778 loading class java/util/concurrent/LinkedBlockingDeque$Itr done


Dynamic libraries:
0x00007ff61df70000 - 0x00007ff61df7a000 	C:\Program Files\Android\Android Studio\jbr\bin\java.exe
0x00007fff2e6f0000 - 0x00007fff2e8e8000 	C:\Windows\SYSTEM32\ntdll.dll
0x00007fff2d530000 - 0x00007fff2d5ed000 	C:\Windows\System32\KERNEL32.DLL
0x00007fff2c180000 - 0x00007fff2c476000 	C:\Windows\System32\KERNELBASE.dll
0x00007fff2bdb0000 - 0x00007fff2beb0000 	C:\Windows\System32\ucrtbase.dll
0x00007fff16f20000 - 0x00007fff16f37000 	C:\Program Files\Android\Android Studio\jbr\bin\jli.dll
0x00007ffef6050000 - 0x00007ffef606b000 	C:\Program Files\Android\Android Studio\jbr\bin\VCRUNTIME140.dll
0x00007fff2d310000 - 0x00007fff2d4af000 	C:\Windows\System32\USER32.dll
0x00007fff2c150000 - 0x00007fff2c172000 	C:\Windows\System32\win32u.dll
0x00007fff2c850000 - 0x00007fff2c87b000 	C:\Windows\System32\GDI32.dll
0x00007fff16140000 - 0x00007fff163da000 	C:\Windows\WinSxS\amd64_microsoft.windows.common-controls_6595b64144ccf1df_6.0.19041.4355_none_60b8b9eb71f62e16\COMCTL32.dll
0x00007fff2c610000 - 0x00007fff2c727000 	C:\Windows\System32\gdi32full.dll
0x00007fff2c520000 - 0x00007fff2c5bd000 	C:\Windows\System32\msvcp_win.dll
0x00007fff2dc80000 - 0x00007fff2dd1e000 	C:\Windows\System32\msvcrt.dll
0x00007fff2ca30000 - 0x00007fff2ca5f000 	C:\Windows\System32\IMM32.DLL
0x00007fff14350000 - 0x00007fff1435c000 	C:\Program Files\Android\Android Studio\jbr\bin\vcruntime140_1.dll
0x00007ffea3fa0000 - 0x00007ffea402d000 	C:\Program Files\Android\Android Studio\jbr\bin\msvcp140.dll
0x00007ffe9a400000 - 0x00007ffe9b06e000 	C:\Program Files\Android\Android Studio\jbr\bin\server\jvm.dll
0x00007fff2dbd0000 - 0x00007fff2dc80000 	C:\Windows\System32\ADVAPI32.dll
0x00007fff2d260000 - 0x00007fff2d300000 	C:\Windows\System32\sechost.dll
0x00007fff2cf00000 - 0x00007fff2d023000 	C:\Windows\System32\RPCRT4.dll
0x00007fff2c480000 - 0x00007fff2c4a7000 	C:\Windows\System32\bcrypt.dll
0x00007fff15ef0000 - 0x00007fff15f17000 	C:\Windows\SYSTEM32\WINMM.dll
0x00007fff25dd0000 - 0x00007fff25dd9000 	C:\Windows\SYSTEM32\WSOCK32.dll
0x00007fff22100000 - 0x00007fff2210a000 	C:\Windows\SYSTEM32\VERSION.dll
0x00007fff2e620000 - 0x00007fff2e68b000 	C:\Windows\System32\WS2_32.dll
0x00007fff2a5c0000 - 0x00007fff2a5d2000 	C:\Windows\SYSTEM32\kernel.appcore.dll
0x00007fff23270000 - 0x00007fff2327a000 	C:\Program Files\Android\Android Studio\jbr\bin\jimage.dll
0x00007fff26990000 - 0x00007fff26b74000 	C:\Windows\SYSTEM32\DBGHELP.DLL
0x00007fff11510000 - 0x00007fff11544000 	C:\Windows\SYSTEM32\dbgcore.DLL
0x00007fff2c0c0000 - 0x00007fff2c142000 	C:\Windows\System32\bcryptPrimitives.dll
0x00007fff1c620000 - 0x00007fff1c645000 	C:\Program Files\Android\Android Studio\jbr\bin\java.dll
0x00007fff221a0000 - 0x00007fff221b8000 	C:\Program Files\Android\Android Studio\jbr\bin\zip.dll
0x00007fff2dd20000 - 0x00007fff2e48c000 	C:\Windows\System32\SHELL32.dll
0x00007fff29e10000 - 0x00007fff2a5ad000 	C:\Windows\SYSTEM32\windows.storage.dll
0x00007fff2cba0000 - 0x00007fff2cef3000 	C:\Windows\System32\combase.dll
0x00007fff2b700000 - 0x00007fff2b72e000 	C:\Windows\SYSTEM32\Wldp.dll
0x00007fff2db00000 - 0x00007fff2dbcd000 	C:\Windows\System32\OLEAUT32.dll
0x00007fff2d030000 - 0x00007fff2d0dd000 	C:\Windows\System32\SHCORE.dll
0x00007fff2c730000 - 0x00007fff2c785000 	C:\Windows\System32\shlwapi.dll
0x00007fff2bce0000 - 0x00007fff2bd04000 	C:\Windows\SYSTEM32\profapi.dll
0x00007fff21380000 - 0x00007fff21399000 	C:\Program Files\Android\Android Studio\jbr\bin\net.dll
0x00007fff1f510000 - 0x00007fff1f61a000 	C:\Windows\SYSTEM32\WINHTTP.dll
0x00007fff2b460000 - 0x00007fff2b4ca000 	C:\Windows\system32\mswsock.dll
0x00007fff1c600000 - 0x00007fff1c616000 	C:\Program Files\Android\Android Studio\jbr\bin\nio.dll
0x00007fff1c410000 - 0x00007fff1c420000 	C:\Program Files\Android\Android Studio\jbr\bin\verify.dll
0x00007ffefb550000 - 0x00007ffefb577000 	C:\Users\Ifham.Khan\.gradle\native\68d5fa5c4cc2d200863cafc0d521ce42e7d3e7ee720ec0a83991735586a16f82\windows-amd64\native-platform.dll
0x00007ffe9bfc0000 - 0x00007ffe9c104000 	C:\Users\Ifham.Khan\.gradle\native\e376f236ea51e6404a007f0833ffe2c6e607c4080706a723a18a27aeea778392\windows-amd64\native-platform-file-events.dll
0x00007fff1c400000 - 0x00007fff1c409000 	C:\Program Files\Android\Android Studio\jbr\bin\management.dll
0x00007fff1c3f0000 - 0x00007fff1c3fb000 	C:\Program Files\Android\Android Studio\jbr\bin\management_ext.dll
0x00007fff2d5f0000 - 0x00007fff2d5f8000 	C:\Windows\System32\PSAPI.DLL
0x00007fff2b660000 - 0x00007fff2b678000 	C:\Windows\SYSTEM32\CRYPTSP.dll
0x00007fff2ad80000 - 0x00007fff2adb4000 	C:\Windows\system32\rsaenh.dll
0x00007fff2bc50000 - 0x00007fff2bc7e000 	C:\Windows\SYSTEM32\USERENV.dll
0x00007fff2b650000 - 0x00007fff2b65c000 	C:\Windows\SYSTEM32\CRYPTBASE.dll
0x00007fff2b140000 - 0x00007fff2b17b000 	C:\Windows\SYSTEM32\IPHLPAPI.DLL
0x00007fff2c790000 - 0x00007fff2c798000 	C:\Windows\System32\NSI.dll
0x00007fff1f8e0000 - 0x00007fff1f8f7000 	C:\Windows\SYSTEM32\dhcpcsvc6.DLL
0x00007fff20cf0000 - 0x00007fff20d0d000 	C:\Windows\SYSTEM32\dhcpcsvc.DLL
0x00007fff2b180000 - 0x00007fff2b24a000 	C:\Windows\SYSTEM32\DNSAPI.dll
0x00007fff13ce0000 - 0x00007fff13ce7000 	C:\Windows\system32\wshunix.dll

dbghelp: loaded successfully - version: 4.0.5 - missing functions: none
symbol engine: initialized successfully - sym options: 0x614 - pdb path: .;C:\Program Files\Android\Android Studio\jbr\bin;C:\Windows\SYSTEM32;C:\Windows\WinSxS\amd64_microsoft.windows.common-controls_6595b64144ccf1df_6.0.19041.4355_none_60b8b9eb71f62e16;C:\Program Files\Android\Android Studio\jbr\bin\server;C:\Users\Ifham.Khan\.gradle\native\68d5fa5c4cc2d200863cafc0d521ce42e7d3e7ee720ec0a83991735586a16f82\windows-amd64;C:\Users\Ifham.Khan\.gradle\native\e376f236ea51e6404a007f0833ffe2c6e607c4080706a723a18a27aeea778392\windows-amd64

VM Arguments:
jvm_args: --add-opens=java.base/java.util=ALL-UNNAMED --add-opens=java.base/java.lang=ALL-UNNAMED --add-opens=java.base/java.lang.invoke=ALL-UNNAMED --add-opens=java.prefs/java.util.prefs=ALL-UNNAMED --add-opens=java.base/java.nio.charset=ALL-UNNAMED --add-opens=java.base/java.net=ALL-UNNAMED --add-opens=java.base/java.util.concurrent.atomic=ALL-UNNAMED -Xmx2048m -Dfile.encoding=UTF-8 -Duser.country=US -Duser.language=en -Duser.variant 
java_command: org.gradle.launcher.daemon.bootstrap.GradleDaemon 8.0
java_class_path (initial): C:\Users\Ifham.Khan\.gradle\wrapper\dists\gradle-8.0-bin\ca5e32bp14vu59qr306oxotwh\gradle-8.0\lib\gradle-launcher-8.0.jar
Launcher Type: SUN_STANDARD

[Global flags]
     intx CICompilerCount                          = 3                                         {product} {ergonomic}
     uint ConcGCThreads                            = 1                                         {product} {ergonomic}
     uint G1ConcRefinementThreads                  = 4                                         {product} {ergonomic}
   size_t G1HeapRegionSize                         = 1048576                                   {product} {ergonomic}
    uintx GCDrainStackTargetSize                   = 64                                        {product} {ergonomic}
   size_t InitialHeapSize                          = 132120576                                 {product} {ergonomic}
   size_t MarkStackSize                            = 4194304                                   {product} {ergonomic}
   size_t MaxHeapSize                              = 2147483648                                {product} {command line}
   size_t MaxNewSize                               = 1287651328                                {product} {ergonomic}
   size_t MinHeapDeltaBytes                        = 1048576                                   {product} {ergonomic}
   size_t MinHeapSize                              = 8388608                                   {product} {ergonomic}
    uintx NonNMethodCodeHeapSize                   = 5832780                                {pd product} {ergonomic}
    uintx NonProfiledCodeHeapSize                  = 122912730                              {pd product} {ergonomic}
    uintx ProfiledCodeHeapSize                     = 122912730                              {pd product} {ergonomic}
    uintx ReservedCodeCacheSize                    = 251658240                              {pd product} {ergonomic}
     bool SegmentedCodeCache                       = true                                      {product} {ergonomic}
   size_t SoftMaxHeapSize                          = 2147483648                             {manageable} {ergonomic}
     bool UseCompressedClassPointers               = true                           {product lp64_product} {ergonomic}
     bool UseCompressedOops                        = true                           {product lp64_product} {ergonomic}
     bool UseG1GC                                  = true                                      {product} {ergonomic}
     bool UseLargePagesIndividualAllocation        = false                                  {pd product} {ergonomic}

Logging:
Log output configuration:
 #0: stdout all=warning uptime,level,tags
 #1: stderr all=off uptime,level,tags

Environment Variables:
PATH=C:\Program Files (x86)\Common Files\Oracle\Java\javapath;C:\Windows\system32;C:\Windows;C:\Windows\System32\Wbem;C:\Windows\System32\WindowsPowerShell\v1.0\;C:\Windows\System32\OpenSSH\;C:\Users\Ifham.Khan\AppData\Local\Programs\Python\Python311;C:\Users\Ifham.Khan\AppData\Local\Programs\Python\Python311\Scripts;C:\Program Files (x86)\Java\jre-1.8\bin;C:\Program Files\dotnet\;C:\Program Files\Git\cmd;C:\Program Files\nodejs\;C:\Program Files\MongoDB\Server\7.0\bin;C:\Program Files\Mullvad VPN\resources;C:\Users\Ifham.Khan\AppData\Local\Microsoft\WindowsApps;C:\Users\Ifham.Khan\AppData\Local\Programs\Microsoft VS Code\bin;C:\Program Files (x86)\Java\jre-1.8\bin;C:\Users\Ifham.Khan\.dotnet\tools;C:\Users\Ifham.Khan\AppData\Roaming\npm;C:\Program Files\MongoDB\Server\7.0\bin;C:\Users\Ifham.Khan\AppData\Local\GitHubDesktop\bin;E:\PyCharm Community Edition 2024.1\bin;
USERNAME=Ifham.Khan
OS=Windows_NT
PROCESSOR_IDENTIFIER=Intel64 Family 6 Model 142 Stepping 9, GenuineIntel
TMP=C:\Users\IFHAM~1.KHA\AppData\Local\Temp
TEMP=C:\Users\IFHAM~1.KHA\AppData\Local\Temp


JNI global refs:
JNI global refs: 24, weak refs: 12

JNI global refs memory usage: 843, weak refs: 841


---------------  S Y S T E M  ---------------

OS:
 Windows 10 , 64 bit Build 19041 (10.0.19041.3636)
OS uptime: 5 days 8:42 hours

CPU: total 4 (initial active 4) (2 cores per cpu, 2 threads per core) family 6 model 142 stepping 9 microcode 0xf4, cx8, cmov, fxsr, ht, mmx, 3dnowpref, sse, sse2, sse3, ssse3, sse4.1, sse4.2, popcnt, lzcnt, tsc, tscinvbit, avx, avx2, aes, erms, clmul, bmi1, bmi2, rtm, adx, fma, vzeroupper, clflush, clflushopt

Memory: 4k page, system-wide physical 8050M (18M free)
TotalPageFile size 12050M (AvailPageFile size 0M)
current process WorkingSet (physical memory assigned to process): 184M, peak: 226M
current process commit charge ("private bytes"): 250M, peak: 258M

vm_info: OpenJDK 64-Bit Server VM (17.0.6+0-b2043.56-10027231) for windows-amd64 JRE (17.0.6+0-b2043.56-10027231), built on Apr 28 2023 00:43:19 by "androidbuild" with MS VC++ 16.10 / 16.11 (VS2019)

END.
